未在文法中使用終結語詞

    SHR
    BAN
    BOR
    BNT
    BXO
    REM
    NOT
    GTR
    LES
    GEQ
    LEQ
    EQL
    NEQ
    LAN
    LOR
    ADD_ASSIGN
    SUB_ASSIGN
    MUL_ASSIGN
    DIV_ASSIGN
    REM_ASSIGN
    BAN_ASSIGN
    BOR_ASSIGN
    BXO_ASSIGN
    SHR_ASSIGN
    SHL_ASSIGN
    INC_ASSIGN
    DEC_ASSIGN
    IF
    ELSE
    FOR
    WHILE
    BREAK
    CONTINUE
    BOOL_LIT


狀態 49 衝突：1 項偏移/縮減
狀態 54 衝突：3 項縮減/縮減
狀態 62 衝突：1 項偏移/縮減


文法

    0 $accept: Program $end

    1 $@1: ε

    2 Program: $@1 GlobalStmtList
    3        | ε

    4 GlobalStmtList: GlobalStmtList GlobalStmt
    5               | GlobalStmt

    6 GlobalStmt: DefineVariableStmt
    7           | FunctionDefStmt

    8 DefineVariableStmt: VARIABLE_T IDENT VAL_ASSIGN Expression ';'

    9 $@2: ε

   10 FunctionDefStmt: VARIABLE_T IDENT $@2 '(' FunctionParameterStmtList ')' '{' StmtList '}'

   11 FunctionParameterStmtList: FunctionParameterStmtList ',' FunctionParameterStmt
   12                          | FunctionParameterStmt
   13                          | ε

   14 FunctionParameterStmt: VARIABLE_T IDENT
   15                      | VARIABLE_T IDENT '[' ']'

   16 StmtList: StmtList Stmt
   17         | Stmt

   18 Stmt: ';'
   19     | COUT CoutParmListStmt ';'
   20     | RETURN Expression ';'
   21     | RETURN INT_LIT ';'

   22 CoutParmListStmt: CoutParmListStmt SHL Expression
   23                 | SHL Expression

   24 $@3: ε

   25 CoutParmListStmt: SHL STR_LIT $@3 CoutParmListStmt
   26                 | SHL IDENT
   27                 | SHL STR_LIT

   28 Expression: Term
   29           | Expression ADD Term
   30           | Expression SUB Term

   31 Term: Factor
   32     | Term MUL Factor
   33     | Term DIV Factor

   34 Factor: INT_LIT
   35       | FLOAT_LIT
   36       | STR_LIT
   37       | '(' Expression ')'


終結語詞，附有它們出現處的規則

    $end (0) 0
    '(' (40) 10 37
    ')' (41) 10 37
    ',' (44) 11
    ';' (59) 8 18 19 20 21
    '[' (91) 15
    ']' (93) 15
    '{' (123) 10
    '}' (125) 10
    error (256)
    COUT (258) 19
    SHR (259)
    SHL (260) 22 23 25 26 27
    BAN (261)
    BOR (262)
    BNT (263)
    BXO (264)
    ADD (265) 29
    SUB (266) 30
    MUL (267) 32
    DIV (268) 33
    REM (269)
    NOT (270)
    GTR (271)
    LES (272)
    GEQ (273)
    LEQ (274)
    EQL (275)
    NEQ (276)
    LAN (277)
    LOR (278)
    VAL_ASSIGN (279) 8
    ADD_ASSIGN (280)
    SUB_ASSIGN (281)
    MUL_ASSIGN (282)
    DIV_ASSIGN (283)
    REM_ASSIGN (284)
    BAN_ASSIGN (285)
    BOR_ASSIGN (286)
    BXO_ASSIGN (287)
    SHR_ASSIGN (288)
    SHL_ASSIGN (289)
    INC_ASSIGN (290)
    DEC_ASSIGN (291)
    IF (292)
    ELSE (293)
    FOR (294)
    WHILE (295)
    RETURN (296) 20 21
    BREAK (297)
    CONTINUE (298)
    VARIABLE_T <var_type> (299) 8 10 14 15
    IDENT <s_var> (300) 8 10 14 15 26
    STR_LIT <s_var> (301) 25 27 36
    BOOL_LIT <b_var> (302)
    INT_LIT <i_var> (303) 21 34
    FLOAT_LIT <f_var> (304) 35


非終結語詞，附有它們出現處的規則

    $accept (58)
        於左側： 0
    Program (59)
        於左側： 2 3
        於右側： 0
    $@1 (60)
        於左側： 1
        於右側： 2
    GlobalStmtList (61)
        於左側： 4 5
        於右側： 2 4
    GlobalStmt (62)
        於左側： 6 7
        於右側： 4 5
    DefineVariableStmt (63)
        於左側： 8
        於右側： 6
    FunctionDefStmt (64)
        於左側： 10
        於右側： 7
    $@2 (65)
        於左側： 9
        於右側： 10
    FunctionParameterStmtList (66)
        於左側： 11 12 13
        於右側： 10 11
    FunctionParameterStmt (67)
        於左側： 14 15
        於右側： 11 12
    StmtList (68)
        於左側： 16 17
        於右側： 10 16
    Stmt (69)
        於左側： 18 19 20 21
        於右側： 16 17
    CoutParmListStmt (70)
        於左側： 22 23 25 26 27
        於右側： 19 22 25
    $@3 (71)
        於左側： 24
        於右側： 25
    Expression <object_val> (72)
        於左側： 28 29 30
        於右側： 8 20 22 23 29 30 37
    Term <object_val> (73)
        於左側： 31 32 33
        於右側： 28 29 30 32 33
    Factor <object_val> (74)
        於左側： 34 35 36 37
        於右側： 31 32 33


狀態 0

    0 $accept: • Program $end

    $end      使用規則 3 以縮減 (Program)
    $default  使用規則 1 以縮減 ($@1)

    Program  進入狀態 1
    $@1      進入狀態 2


狀態 1

    0 $accept: Program • $end

    $end  偏移，並進入狀態 3


狀態 2

    2 Program: $@1 • GlobalStmtList

    VARIABLE_T  偏移，並進入狀態 4

    GlobalStmtList      進入狀態 5
    GlobalStmt          進入狀態 6
    DefineVariableStmt  進入狀態 7
    FunctionDefStmt     進入狀態 8


狀態 3

    0 $accept: Program $end •

    $default  接受


狀態 4

    8 DefineVariableStmt: VARIABLE_T • IDENT VAL_ASSIGN Expression ';'
   10 FunctionDefStmt: VARIABLE_T • IDENT $@2 '(' FunctionParameterStmtList ')' '{' StmtList '}'

    IDENT  偏移，並進入狀態 9


狀態 5

    2 Program: $@1 GlobalStmtList •
    4 GlobalStmtList: GlobalStmtList • GlobalStmt

    VARIABLE_T  偏移，並進入狀態 4

    $default  使用規則 2 以縮減 (Program)

    GlobalStmt          進入狀態 10
    DefineVariableStmt  進入狀態 7
    FunctionDefStmt     進入狀態 8


狀態 6

    5 GlobalStmtList: GlobalStmt •

    $default  使用規則 5 以縮減 (GlobalStmtList)


狀態 7

    6 GlobalStmt: DefineVariableStmt •

    $default  使用規則 6 以縮減 (GlobalStmt)


狀態 8

    7 GlobalStmt: FunctionDefStmt •

    $default  使用規則 7 以縮減 (GlobalStmt)


狀態 9

    8 DefineVariableStmt: VARIABLE_T IDENT • VAL_ASSIGN Expression ';'
   10 FunctionDefStmt: VARIABLE_T IDENT • $@2 '(' FunctionParameterStmtList ')' '{' StmtList '}'

    VAL_ASSIGN  偏移，並進入狀態 11

    $default  使用規則 9 以縮減 ($@2)

    $@2  進入狀態 12


狀態 10

    4 GlobalStmtList: GlobalStmtList GlobalStmt •

    $default  使用規則 4 以縮減 (GlobalStmtList)


狀態 11

    8 DefineVariableStmt: VARIABLE_T IDENT VAL_ASSIGN • Expression ';'

    STR_LIT    偏移，並進入狀態 13
    INT_LIT    偏移，並進入狀態 14
    FLOAT_LIT  偏移，並進入狀態 15
    '('        偏移，並進入狀態 16

    Expression  進入狀態 17
    Term        進入狀態 18
    Factor      進入狀態 19


狀態 12

   10 FunctionDefStmt: VARIABLE_T IDENT $@2 • '(' FunctionParameterStmtList ')' '{' StmtList '}'

    '('  偏移，並進入狀態 20


狀態 13

   36 Factor: STR_LIT •

    $default  使用規則 36 以縮減 (Factor)


狀態 14

   34 Factor: INT_LIT •

    $default  使用規則 34 以縮減 (Factor)


狀態 15

   35 Factor: FLOAT_LIT •

    $default  使用規則 35 以縮減 (Factor)


狀態 16

   37 Factor: '(' • Expression ')'

    STR_LIT    偏移，並進入狀態 13
    INT_LIT    偏移，並進入狀態 14
    FLOAT_LIT  偏移，並進入狀態 15
    '('        偏移，並進入狀態 16

    Expression  進入狀態 21
    Term        進入狀態 18
    Factor      進入狀態 19


狀態 17

    8 DefineVariableStmt: VARIABLE_T IDENT VAL_ASSIGN Expression • ';'
   29 Expression: Expression • ADD Term
   30           | Expression • SUB Term

    ADD  偏移，並進入狀態 22
    SUB  偏移，並進入狀態 23
    ';'  偏移，並進入狀態 24


狀態 18

   28 Expression: Term •
   32 Term: Term • MUL Factor
   33     | Term • DIV Factor

    MUL  偏移，並進入狀態 25
    DIV  偏移，並進入狀態 26

    $default  使用規則 28 以縮減 (Expression)


狀態 19

   31 Term: Factor •

    $default  使用規則 31 以縮減 (Term)


狀態 20

   10 FunctionDefStmt: VARIABLE_T IDENT $@2 '(' • FunctionParameterStmtList ')' '{' StmtList '}'

    VARIABLE_T  偏移，並進入狀態 27

    $default  使用規則 13 以縮減 (FunctionParameterStmtList)

    FunctionParameterStmtList  進入狀態 28
    FunctionParameterStmt      進入狀態 29


狀態 21

   29 Expression: Expression • ADD Term
   30           | Expression • SUB Term
   37 Factor: '(' Expression • ')'

    ADD  偏移，並進入狀態 22
    SUB  偏移，並進入狀態 23
    ')'  偏移，並進入狀態 30


狀態 22

   29 Expression: Expression ADD • Term

    STR_LIT    偏移，並進入狀態 13
    INT_LIT    偏移，並進入狀態 14
    FLOAT_LIT  偏移，並進入狀態 15
    '('        偏移，並進入狀態 16

    Term    進入狀態 31
    Factor  進入狀態 19


狀態 23

   30 Expression: Expression SUB • Term

    STR_LIT    偏移，並進入狀態 13
    INT_LIT    偏移，並進入狀態 14
    FLOAT_LIT  偏移，並進入狀態 15
    '('        偏移，並進入狀態 16

    Term    進入狀態 32
    Factor  進入狀態 19


狀態 24

    8 DefineVariableStmt: VARIABLE_T IDENT VAL_ASSIGN Expression ';' •

    $default  使用規則 8 以縮減 (DefineVariableStmt)


狀態 25

   32 Term: Term MUL • Factor

    STR_LIT    偏移，並進入狀態 13
    INT_LIT    偏移，並進入狀態 14
    FLOAT_LIT  偏移，並進入狀態 15
    '('        偏移，並進入狀態 16

    Factor  進入狀態 33


狀態 26

   33 Term: Term DIV • Factor

    STR_LIT    偏移，並進入狀態 13
    INT_LIT    偏移，並進入狀態 14
    FLOAT_LIT  偏移，並進入狀態 15
    '('        偏移，並進入狀態 16

    Factor  進入狀態 34


狀態 27

   14 FunctionParameterStmt: VARIABLE_T • IDENT
   15                      | VARIABLE_T • IDENT '[' ']'

    IDENT  偏移，並進入狀態 35


狀態 28

   10 FunctionDefStmt: VARIABLE_T IDENT $@2 '(' FunctionParameterStmtList • ')' '{' StmtList '}'
   11 FunctionParameterStmtList: FunctionParameterStmtList • ',' FunctionParameterStmt

    ')'  偏移，並進入狀態 36
    ','  偏移，並進入狀態 37


狀態 29

   12 FunctionParameterStmtList: FunctionParameterStmt •

    $default  使用規則 12 以縮減 (FunctionParameterStmtList)


狀態 30

   37 Factor: '(' Expression ')' •

    $default  使用規則 37 以縮減 (Factor)


狀態 31

   29 Expression: Expression ADD Term •
   32 Term: Term • MUL Factor
   33     | Term • DIV Factor

    MUL  偏移，並進入狀態 25
    DIV  偏移，並進入狀態 26

    $default  使用規則 29 以縮減 (Expression)


狀態 32

   30 Expression: Expression SUB Term •
   32 Term: Term • MUL Factor
   33     | Term • DIV Factor

    MUL  偏移，並進入狀態 25
    DIV  偏移，並進入狀態 26

    $default  使用規則 30 以縮減 (Expression)


狀態 33

   32 Term: Term MUL Factor •

    $default  使用規則 32 以縮減 (Term)


狀態 34

   33 Term: Term DIV Factor •

    $default  使用規則 33 以縮減 (Term)


狀態 35

   14 FunctionParameterStmt: VARIABLE_T IDENT •
   15                      | VARIABLE_T IDENT • '[' ']'

    '['  偏移，並進入狀態 38

    $default  使用規則 14 以縮減 (FunctionParameterStmt)


狀態 36

   10 FunctionDefStmt: VARIABLE_T IDENT $@2 '(' FunctionParameterStmtList ')' • '{' StmtList '}'

    '{'  偏移，並進入狀態 39


狀態 37

   11 FunctionParameterStmtList: FunctionParameterStmtList ',' • FunctionParameterStmt

    VARIABLE_T  偏移，並進入狀態 27

    FunctionParameterStmt  進入狀態 40


狀態 38

   15 FunctionParameterStmt: VARIABLE_T IDENT '[' • ']'

    ']'  偏移，並進入狀態 41


狀態 39

   10 FunctionDefStmt: VARIABLE_T IDENT $@2 '(' FunctionParameterStmtList ')' '{' • StmtList '}'

    COUT    偏移，並進入狀態 42
    RETURN  偏移，並進入狀態 43
    ';'     偏移，並進入狀態 44

    StmtList  進入狀態 45
    Stmt      進入狀態 46


狀態 40

   11 FunctionParameterStmtList: FunctionParameterStmtList ',' FunctionParameterStmt •

    $default  使用規則 11 以縮減 (FunctionParameterStmtList)


狀態 41

   15 FunctionParameterStmt: VARIABLE_T IDENT '[' ']' •

    $default  使用規則 15 以縮減 (FunctionParameterStmt)


狀態 42

   19 Stmt: COUT • CoutParmListStmt ';'

    SHL  偏移，並進入狀態 47

    CoutParmListStmt  進入狀態 48


狀態 43

   20 Stmt: RETURN • Expression ';'
   21     | RETURN • INT_LIT ';'

    STR_LIT    偏移，並進入狀態 13
    INT_LIT    偏移，並進入狀態 49
    FLOAT_LIT  偏移，並進入狀態 15
    '('        偏移，並進入狀態 16

    Expression  進入狀態 50
    Term        進入狀態 18
    Factor      進入狀態 19


狀態 44

   18 Stmt: ';' •

    $default  使用規則 18 以縮減 (Stmt)


狀態 45

   10 FunctionDefStmt: VARIABLE_T IDENT $@2 '(' FunctionParameterStmtList ')' '{' StmtList • '}'
   16 StmtList: StmtList • Stmt

    COUT    偏移，並進入狀態 42
    RETURN  偏移，並進入狀態 43
    ';'     偏移，並進入狀態 44
    '}'     偏移，並進入狀態 51

    Stmt  進入狀態 52


狀態 46

   17 StmtList: Stmt •

    $default  使用規則 17 以縮減 (StmtList)


狀態 47

   23 CoutParmListStmt: SHL • Expression
   25                 | SHL • STR_LIT $@3 CoutParmListStmt
   26                 | SHL • IDENT
   27                 | SHL • STR_LIT

    IDENT      偏移，並進入狀態 53
    STR_LIT    偏移，並進入狀態 54
    INT_LIT    偏移，並進入狀態 14
    FLOAT_LIT  偏移，並進入狀態 15
    '('        偏移，並進入狀態 16

    Expression  進入狀態 55
    Term        進入狀態 18
    Factor      進入狀態 19


狀態 48

   19 Stmt: COUT CoutParmListStmt • ';'
   22 CoutParmListStmt: CoutParmListStmt • SHL Expression

    SHL  偏移，並進入狀態 56
    ';'  偏移，並進入狀態 57


狀態 49

   21 Stmt: RETURN INT_LIT • ';'
   34 Factor: INT_LIT •

    ';'  偏移，並進入狀態 58

    ';'       [使用規則 34 以縮減 (Factor)]
    $default  使用規則 34 以縮減 (Factor)


狀態 50

   20 Stmt: RETURN Expression • ';'
   29 Expression: Expression • ADD Term
   30           | Expression • SUB Term

    ADD  偏移，並進入狀態 22
    SUB  偏移，並進入狀態 23
    ';'  偏移，並進入狀態 59


狀態 51

   10 FunctionDefStmt: VARIABLE_T IDENT $@2 '(' FunctionParameterStmtList ')' '{' StmtList '}' •

    $default  使用規則 10 以縮減 (FunctionDefStmt)


狀態 52

   16 StmtList: StmtList Stmt •

    $default  使用規則 16 以縮減 (StmtList)


狀態 53

   26 CoutParmListStmt: SHL IDENT •

    $default  使用規則 26 以縮減 (CoutParmListStmt)


狀態 54

   25 CoutParmListStmt: SHL STR_LIT • $@3 CoutParmListStmt
   27                 | SHL STR_LIT •
   36 Factor: STR_LIT •

    SHL       使用規則 24 以縮減 ($@3)
    SHL       [使用規則 27 以縮減 (CoutParmListStmt)]
    SHL       [使用規則 36 以縮減 (Factor)]
    ';'       使用規則 27 以縮減 (CoutParmListStmt)
    ';'       [使用規則 36 以縮減 (Factor)]
    $default  使用規則 36 以縮減 (Factor)

    $@3  進入狀態 60


狀態 55

   23 CoutParmListStmt: SHL Expression •
   29 Expression: Expression • ADD Term
   30           | Expression • SUB Term

    ADD  偏移，並進入狀態 22
    SUB  偏移，並進入狀態 23

    $default  使用規則 23 以縮減 (CoutParmListStmt)


狀態 56

   22 CoutParmListStmt: CoutParmListStmt SHL • Expression

    STR_LIT    偏移，並進入狀態 13
    INT_LIT    偏移，並進入狀態 14
    FLOAT_LIT  偏移，並進入狀態 15
    '('        偏移，並進入狀態 16

    Expression  進入狀態 61
    Term        進入狀態 18
    Factor      進入狀態 19


狀態 57

   19 Stmt: COUT CoutParmListStmt ';' •

    $default  使用規則 19 以縮減 (Stmt)


狀態 58

   21 Stmt: RETURN INT_LIT ';' •

    $default  使用規則 21 以縮減 (Stmt)


狀態 59

   20 Stmt: RETURN Expression ';' •

    $default  使用規則 20 以縮減 (Stmt)


狀態 60

   25 CoutParmListStmt: SHL STR_LIT $@3 • CoutParmListStmt

    SHL  偏移，並進入狀態 47

    CoutParmListStmt  進入狀態 62


狀態 61

   22 CoutParmListStmt: CoutParmListStmt SHL Expression •
   29 Expression: Expression • ADD Term
   30           | Expression • SUB Term

    ADD  偏移，並進入狀態 22
    SUB  偏移，並進入狀態 23

    $default  使用規則 22 以縮減 (CoutParmListStmt)


狀態 62

   22 CoutParmListStmt: CoutParmListStmt • SHL Expression
   25                 | SHL STR_LIT $@3 CoutParmListStmt •

    SHL  偏移，並進入狀態 56

    SHL       [使用規則 25 以縮減 (CoutParmListStmt)]
    $default  使用規則 25 以縮減 (CoutParmListStmt)
